2020-04-28 20:27:42,644 0     [           main] DEBUG ache.ibatis.logging.LogFactory  - Logging initialized using 'class org.apache.ibatis.logging.log4j.Log4jImpl' adapter.
2020-04-28 20:27:42,673 29    [           main] DEBUG source.pooled.PooledDataSource  - PooledDataSource forcefully closed/removed all connections.
2020-04-28 20:27:42,673 29    [           main] DEBUG source.pooled.PooledDataSource  - PooledDataSource forcefully closed/removed all connections.
2020-04-28 20:27:42,674 30    [           main] DEBUG source.pooled.PooledDataSource  - PooledDataSource forcefully closed/removed all connections.
2020-04-28 20:27:42,674 30    [           main] DEBUG source.pooled.PooledDataSource  - PooledDataSource forcefully closed/removed all connections.
2020-04-28 20:28:47,856 0     [           main] DEBUG ache.ibatis.logging.LogFactory  - Logging initialized using 'class org.apache.ibatis.logging.log4j.Log4jImpl' adapter.
2020-04-28 20:28:47,886 30    [           main] DEBUG source.pooled.PooledDataSource  - PooledDataSource forcefully closed/removed all connections.
2020-04-28 20:28:47,887 31    [           main] DEBUG source.pooled.PooledDataSource  - PooledDataSource forcefully closed/removed all connections.
2020-04-28 20:28:47,887 31    [           main] DEBUG source.pooled.PooledDataSource  - PooledDataSource forcefully closed/removed all connections.
2020-04-28 20:28:47,887 31    [           main] DEBUG source.pooled.PooledDataSource  - PooledDataSource forcefully closed/removed all connections.
2020-04-28 20:28:48,006 150   [           main] DEBUG ansaction.jdbc.JdbcTransaction  - Opening JDBC Connection
2020-04-28 20:28:48,258 402   [           main] DEBUG source.pooled.PooledDataSource  - Created connection 1585787493.
2020-04-28 20:28:48,258 402   [           main] DEBUG ansaction.jdbc.JdbcTransaction  - Setting autocommit to false on JDBC Connection [com.mysql.jdbc.JDBC4Connection@5e853265]
2020-04-28 20:28:48,266 410   [           main] DEBUG .spl.user.dao.IUserDao.findAll  - ==>  Preparing: select * from user 
2020-04-28 20:28:48,311 455   [           main] DEBUG .spl.user.dao.IUserDao.findAll  - ==> Parameters: 
2020-04-28 20:28:48,350 494   [           main] DEBUG .spl.user.dao.IUserDao.findAll  - <==      Total: 3
2020-04-28 20:28:48,351 495   [           main] DEBUG ansaction.jdbc.JdbcTransaction  - Resetting autocommit to true on JDBC Connection [com.mysql.jdbc.JDBC4Connection@5e853265]
2020-04-28 20:28:48,351 495   [           main] DEBUG ansaction.jdbc.JdbcTransaction  - Closing JDBC Connection [com.mysql.jdbc.JDBC4Connection@5e853265]
2020-04-28 20:28:48,351 495   [           main] DEBUG source.pooled.PooledDataSource  - Returned connection 1585787493 to pool.
2020-05-04 09:57:57,560 0     [           main] DEBUG ache.ibatis.logging.LogFactory  - Logging initialized using 'class org.apache.ibatis.logging.log4j.Log4jImpl' adapter.
2020-05-04 09:57:57,582 22    [           main] DEBUG source.pooled.PooledDataSource  - PooledDataSource forcefully closed/removed all connections.
2020-05-04 09:57:57,583 23    [           main] DEBUG source.pooled.PooledDataSource  - PooledDataSource forcefully closed/removed all connections.
2020-05-04 09:57:57,583 23    [           main] DEBUG source.pooled.PooledDataSource  - PooledDataSource forcefully closed/removed all connections.
2020-05-04 09:57:57,583 23    [           main] DEBUG source.pooled.PooledDataSource  - PooledDataSource forcefully closed/removed all connections.
2020-05-04 09:57:57,687 127   [           main] DEBUG ansaction.jdbc.JdbcTransaction  - Opening JDBC Connection
2020-05-04 10:15:35,087 0     [           main] DEBUG ache.ibatis.logging.LogFactory  - Logging initialized using 'class org.apache.ibatis.logging.log4j.Log4jImpl' adapter.
2020-05-04 10:15:35,124 37    [           main] DEBUG source.pooled.PooledDataSource  - PooledDataSource forcefully closed/removed all connections.
2020-05-04 10:15:35,124 37    [           main] DEBUG source.pooled.PooledDataSource  - PooledDataSource forcefully closed/removed all connections.
2020-05-04 10:15:35,124 37    [           main] DEBUG source.pooled.PooledDataSource  - PooledDataSource forcefully closed/removed all connections.
2020-05-04 10:15:35,125 38    [           main] DEBUG source.pooled.PooledDataSource  - PooledDataSource forcefully closed/removed all connections.
2020-05-04 10:15:35,279 192   [           main] DEBUG ansaction.jdbc.JdbcTransaction  - Opening JDBC Connection
2020-05-04 10:15:35,602 515   [           main] DEBUG source.pooled.PooledDataSource  - Created connection 1585787493.
2020-05-04 10:15:35,603 516   [           main] DEBUG ansaction.jdbc.JdbcTransaction  - Setting autocommit to false on JDBC Connection [com.mysql.jdbc.JDBC4Connection@5e853265]
2020-05-04 10:15:35,615 528   [           main] DEBUG .spl.user.dao.IUserDao.findAll  - ==>  Preparing: select * from user 
2020-05-04 10:15:35,664 577   [           main] DEBUG .spl.user.dao.IUserDao.findAll  - ==> Parameters: 
2020-05-04 10:15:35,713 626   [           main] DEBUG .spl.user.dao.IUserDao.findAll  - <==      Total: 3
2020-05-04 10:15:35,714 627   [           main] DEBUG ansaction.jdbc.JdbcTransaction  - Resetting autocommit to true on JDBC Connection [com.mysql.jdbc.JDBC4Connection@5e853265]
2020-05-04 10:15:35,717 630   [           main] DEBUG ansaction.jdbc.JdbcTransaction  - Closing JDBC Connection [com.mysql.jdbc.JDBC4Connection@5e853265]
2020-05-04 10:15:35,717 630   [           main] DEBUG source.pooled.PooledDataSource  - Returned connection 1585787493 to pool.
2020-05-04 10:57:56,945 0     [           main] DEBUG ache.ibatis.logging.LogFactory  - Logging initialized using 'class org.apache.ibatis.logging.log4j.Log4jImpl' adapter.
2020-05-04 10:57:56,973 28    [           main] DEBUG source.pooled.PooledDataSource  - PooledDataSource forcefully closed/removed all connections.
2020-05-04 10:57:56,974 29    [           main] DEBUG source.pooled.PooledDataSource  - PooledDataSource forcefully closed/removed all connections.
2020-05-04 10:57:56,974 29    [           main] DEBUG source.pooled.PooledDataSource  - PooledDataSource forcefully closed/removed all connections.
2020-05-04 10:57:56,974 29    [           main] DEBUG source.pooled.PooledDataSource  - PooledDataSource forcefully closed/removed all connections.
2020-05-04 10:57:57,076 131   [           main] DEBUG ansaction.jdbc.JdbcTransaction  - Opening JDBC Connection
2020-05-04 10:57:57,293 348   [           main] DEBUG source.pooled.PooledDataSource  - Created connection 1585787493.
2020-05-04 10:57:57,294 349   [           main] DEBUG ansaction.jdbc.JdbcTransaction  - Setting autocommit to false on JDBC Connection [com.mysql.jdbc.JDBC4Connection@5e853265]
2020-05-04 10:57:57,302 357   [           main] DEBUG .spl.user.dao.IUserDao.findAll  - ==>  Preparing: select * from user 
2020-05-04 10:57:57,345 400   [           main] DEBUG .spl.user.dao.IUserDao.findAll  - ==> Parameters: 
2020-05-04 10:57:57,382 437   [           main] DEBUG .spl.user.dao.IUserDao.findAll  - <==      Total: 3
2020-05-04 10:57:57,383 438   [           main] DEBUG ansaction.jdbc.JdbcTransaction  - Resetting autocommit to true on JDBC Connection [com.mysql.jdbc.JDBC4Connection@5e853265]
2020-05-04 10:57:57,384 439   [           main] DEBUG ansaction.jdbc.JdbcTransaction  - Closing JDBC Connection [com.mysql.jdbc.JDBC4Connection@5e853265]
2020-05-04 10:57:57,384 439   [           main] DEBUG source.pooled.PooledDataSource  - Returned connection 1585787493 to pool.
2020-05-04 11:07:19,345 0     [           main] DEBUG ache.ibatis.logging.LogFactory  - Logging initialized using 'class org.apache.ibatis.logging.log4j.Log4jImpl' adapter.
2020-05-04 11:07:19,374 29    [           main] DEBUG source.pooled.PooledDataSource  - PooledDataSource forcefully closed/removed all connections.
2020-05-04 11:07:19,374 29    [           main] DEBUG source.pooled.PooledDataSource  - PooledDataSource forcefully closed/removed all connections.
2020-05-04 11:07:19,374 29    [           main] DEBUG source.pooled.PooledDataSource  - PooledDataSource forcefully closed/removed all connections.
2020-05-04 11:07:19,374 29    [           main] DEBUG source.pooled.PooledDataSource  - PooledDataSource forcefully closed/removed all connections.
2020-05-04 11:07:19,489 144   [           main] DEBUG ansaction.jdbc.JdbcTransaction  - Opening JDBC Connection
2020-05-04 11:07:19,731 386   [           main] DEBUG source.pooled.PooledDataSource  - Created connection 407858146.
2020-05-04 11:07:19,731 386   [           main] DEBUG ansaction.jdbc.JdbcTransaction  - Setting autocommit to false on JDBC Connection [com.mysql.jdbc.JDBC4Connection@184f6be2]
2020-05-04 11:07:19,739 394   [           main] DEBUG .spl.user.dao.IUserDao.findAll  - ==>  Preparing: select * from user 
2020-05-04 11:07:19,772 427   [           main] DEBUG .spl.user.dao.IUserDao.findAll  - ==> Parameters: 
2020-05-04 11:07:19,796 451   [           main] DEBUG .spl.user.dao.IUserDao.findAll  - <==      Total: 3
2020-05-04 11:07:19,803 458   [           main] DEBUG dao.IUserDao.findAllAnnotation  - ==>  Preparing: select * from user 
2020-05-04 11:07:19,803 458   [           main] DEBUG dao.IUserDao.findAllAnnotation  - ==> Parameters: 
2020-05-04 11:07:19,807 462   [           main] DEBUG dao.IUserDao.findAllAnnotation  - <==      Total: 3
2020-05-04 11:07:19,808 463   [           main] DEBUG ansaction.jdbc.JdbcTransaction  - Resetting autocommit to true on JDBC Connection [com.mysql.jdbc.JDBC4Connection@184f6be2]
2020-05-04 11:07:19,808 463   [           main] DEBUG ansaction.jdbc.JdbcTransaction  - Closing JDBC Connection [com.mysql.jdbc.JDBC4Connection@184f6be2]
2020-05-04 11:07:19,809 464   [           main] DEBUG source.pooled.PooledDataSource  - Returned connection 407858146 to pool.
2020-05-04 11:16:59,567 0     [           main] DEBUG ache.ibatis.logging.LogFactory  - Logging initialized using 'class org.apache.ibatis.logging.log4j.Log4jImpl' adapter.
2020-05-04 11:16:59,591 24    [           main] DEBUG source.pooled.PooledDataSource  - PooledDataSource forcefully closed/removed all connections.
2020-05-04 11:16:59,591 24    [           main] DEBUG source.pooled.PooledDataSource  - PooledDataSource forcefully closed/removed all connections.
2020-05-04 11:16:59,591 24    [           main] DEBUG source.pooled.PooledDataSource  - PooledDataSource forcefully closed/removed all connections.
2020-05-04 11:16:59,591 24    [           main] DEBUG source.pooled.PooledDataSource  - PooledDataSource forcefully closed/removed all connections.
2020-05-04 11:16:59,668 101   [           main] DEBUG ansaction.jdbc.JdbcTransaction  - Opening JDBC Connection
2020-05-04 11:16:59,840 273   [           main] DEBUG source.pooled.PooledDataSource  - Created connection 407858146.
2020-05-04 11:16:59,840 273   [           main] DEBUG ansaction.jdbc.JdbcTransaction  - Setting autocommit to false on JDBC Connection [com.mysql.jdbc.JDBC4Connection@184f6be2]
2020-05-04 11:16:59,847 280   [           main] DEBUG .spl.user.dao.IUserDao.findAll  - ==>  Preparing: select * from user 
2020-05-04 11:16:59,870 303   [           main] DEBUG .spl.user.dao.IUserDao.findAll  - ==> Parameters: 
2020-05-04 11:16:59,891 324   [           main] DEBUG .spl.user.dao.IUserDao.findAll  - <==      Total: 3
2020-05-04 11:16:59,896 329   [           main] DEBUG dao.IUserDao.findAllAnnotation  - ==>  Preparing: select * from user 
2020-05-04 11:16:59,896 329   [           main] DEBUG dao.IUserDao.findAllAnnotation  - ==> Parameters: 
2020-05-04 11:16:59,900 333   [           main] DEBUG dao.IUserDao.findAllAnnotation  - <==      Total: 3
2020-05-04 11:16:59,901 334   [           main] DEBUG ansaction.jdbc.JdbcTransaction  - Opening JDBC Connection
2020-05-04 11:16:59,913 346   [           main] DEBUG source.pooled.PooledDataSource  - Created connection 1863932867.
2020-05-04 11:16:59,913 346   [           main] DEBUG ansaction.jdbc.JdbcTransaction  - Setting autocommit to false on JDBC Connection [com.mysql.jdbc.JDBC4Connection@6f195bc3]
2020-05-04 11:16:59,913 346   [           main] DEBUG .spl.user.dao.IUserDao.findAll  - ==>  Preparing: select * from user 
2020-05-04 11:16:59,914 347   [           main] DEBUG .spl.user.dao.IUserDao.findAll  - ==> Parameters: 
2020-05-04 11:16:59,915 348   [           main] DEBUG .spl.user.dao.IUserDao.findAll  - <==      Total: 3
2020-05-04 11:16:59,915 348   [           main] DEBUG ansaction.jdbc.JdbcTransaction  - Resetting autocommit to true on JDBC Connection [com.mysql.jdbc.JDBC4Connection@6f195bc3]
2020-05-04 11:16:59,916 349   [           main] DEBUG ansaction.jdbc.JdbcTransaction  - Closing JDBC Connection [com.mysql.jdbc.JDBC4Connection@6f195bc3]
2020-05-04 11:16:59,916 349   [           main] DEBUG source.pooled.PooledDataSource  - Returned connection 1863932867 to pool.
2020-05-04 11:16:59,916 349   [           main] DEBUG ansaction.jdbc.JdbcTransaction  - Resetting autocommit to true on JDBC Connection [com.mysql.jdbc.JDBC4Connection@184f6be2]
2020-05-04 11:16:59,917 350   [           main] DEBUG ansaction.jdbc.JdbcTransaction  - Closing JDBC Connection [com.mysql.jdbc.JDBC4Connection@184f6be2]
2020-05-04 11:16:59,917 350   [           main] DEBUG source.pooled.PooledDataSource  - Returned connection 407858146 to pool.
2020-05-04 11:17:45,417 0     [           main] DEBUG ache.ibatis.logging.LogFactory  - Logging initialized using 'class org.apache.ibatis.logging.log4j.Log4jImpl' adapter.
2020-05-04 11:17:45,437 20    [           main] DEBUG source.pooled.PooledDataSource  - PooledDataSource forcefully closed/removed all connections.
2020-05-04 11:17:45,438 21    [           main] DEBUG source.pooled.PooledDataSource  - PooledDataSource forcefully closed/removed all connections.
2020-05-04 11:17:45,438 21    [           main] DEBUG source.pooled.PooledDataSource  - PooledDataSource forcefully closed/removed all connections.
2020-05-04 11:17:45,438 21    [           main] DEBUG source.pooled.PooledDataSource  - PooledDataSource forcefully closed/removed all connections.
2020-05-04 11:17:45,509 92    [           main] DEBUG ansaction.jdbc.JdbcTransaction  - Opening JDBC Connection
2020-05-04 11:17:45,685 268   [           main] DEBUG source.pooled.PooledDataSource  - Created connection 407858146.
2020-05-04 11:17:45,685 268   [           main] DEBUG ansaction.jdbc.JdbcTransaction  - Setting autocommit to false on JDBC Connection [com.mysql.jdbc.JDBC4Connection@184f6be2]
2020-05-04 11:17:45,691 274   [           main] DEBUG .spl.user.dao.IUserDao.findAll  - ==>  Preparing: select * from user 
2020-05-04 11:17:45,711 294   [           main] DEBUG .spl.user.dao.IUserDao.findAll  - ==> Parameters: 
2020-05-04 11:17:45,732 315   [           main] DEBUG .spl.user.dao.IUserDao.findAll  - <==      Total: 3
2020-05-04 11:17:45,736 319   [           main] DEBUG dao.IUserDao.findAllAnnotation  - ==>  Preparing: select * from user 
2020-05-04 11:17:45,736 319   [           main] DEBUG dao.IUserDao.findAllAnnotation  - ==> Parameters: 
2020-05-04 11:17:45,740 323   [           main] DEBUG dao.IUserDao.findAllAnnotation  - <==      Total: 3
2020-05-04 11:17:45,740 323   [           main] DEBUG ansaction.jdbc.JdbcTransaction  - Opening JDBC Connection
2020-05-04 11:17:45,750 333   [           main] DEBUG source.pooled.PooledDataSource  - Created connection 1863932867.
2020-05-04 11:17:45,750 333   [           main] DEBUG ansaction.jdbc.JdbcTransaction  - Setting autocommit to false on JDBC Connection [com.mysql.jdbc.JDBC4Connection@6f195bc3]
2020-05-04 11:17:45,750 333   [           main] DEBUG .spl.user.dao.IUserDao.findAll  - ==>  Preparing: select * from user 
2020-05-04 11:17:45,751 334   [           main] DEBUG .spl.user.dao.IUserDao.findAll  - ==> Parameters: 
2020-05-04 11:17:45,752 335   [           main] DEBUG .spl.user.dao.IUserDao.findAll  - <==      Total: 3
2020-05-04 11:17:45,752 335   [           main] DEBUG ansaction.jdbc.JdbcTransaction  - Resetting autocommit to true on JDBC Connection [com.mysql.jdbc.JDBC4Connection@6f195bc3]
2020-05-04 11:17:45,753 336   [           main] DEBUG ansaction.jdbc.JdbcTransaction  - Closing JDBC Connection [com.mysql.jdbc.JDBC4Connection@6f195bc3]
2020-05-04 11:17:45,753 336   [           main] DEBUG source.pooled.PooledDataSource  - Returned connection 1863932867 to pool.
2020-05-04 11:17:45,753 336   [           main] DEBUG ansaction.jdbc.JdbcTransaction  - Resetting autocommit to true on JDBC Connection [com.mysql.jdbc.JDBC4Connection@184f6be2]
2020-05-04 11:17:45,754 337   [           main] DEBUG ansaction.jdbc.JdbcTransaction  - Closing JDBC Connection [com.mysql.jdbc.JDBC4Connection@184f6be2]
2020-05-04 11:17:45,754 337   [           main] DEBUG source.pooled.PooledDataSource  - Returned connection 407858146 to pool.
2020-05-06 10:33:55,352 0     [           main] DEBUG ache.ibatis.logging.LogFactory  - Logging initialized using 'class org.apache.ibatis.logging.log4j.Log4jImpl' adapter.
2020-05-06 10:33:55,373 21    [           main] DEBUG source.pooled.PooledDataSource  - PooledDataSource forcefully closed/removed all connections.
2020-05-06 10:33:55,373 21    [           main] DEBUG source.pooled.PooledDataSource  - PooledDataSource forcefully closed/removed all connections.
2020-05-06 10:33:55,373 21    [           main] DEBUG source.pooled.PooledDataSource  - PooledDataSource forcefully closed/removed all connections.
2020-05-06 10:33:55,373 21    [           main] DEBUG source.pooled.PooledDataSource  - PooledDataSource forcefully closed/removed all connections.
2020-05-06 10:33:55,445 93    [           main] DEBUG ansaction.jdbc.JdbcTransaction  - Opening JDBC Connection
2020-05-06 10:33:55,625 273   [           main] DEBUG source.pooled.PooledDataSource  - Created connection 611563982.
2020-05-06 10:33:55,625 273   [           main] DEBUG ansaction.jdbc.JdbcTransaction  - Setting autocommit to false on JDBC Connection [com.mysql.jdbc.JDBC4Connection@2473b9ce]
2020-05-06 10:33:55,632 280   [           main] DEBUG .spl.user.dao.IUserDao.findAll  - ==>  Preparing: select * from user 
2020-05-06 10:33:55,653 301   [           main] DEBUG .spl.user.dao.IUserDao.findAll  - ==> Parameters: 
2020-05-06 10:33:55,675 323   [           main] DEBUG .spl.user.dao.IUserDao.findAll  - <==      Total: 3
2020-05-06 10:33:55,679 327   [           main] DEBUG dao.IUserDao.findAllAnnotation  - ==>  Preparing: select * from user 
2020-05-06 10:33:55,679 327   [           main] DEBUG dao.IUserDao.findAllAnnotation  - ==> Parameters: 
2020-05-06 10:33:55,681 329   [           main] DEBUG dao.IUserDao.findAllAnnotation  - <==      Total: 3
2020-05-06 10:33:55,682 330   [           main] DEBUG ansaction.jdbc.JdbcTransaction  - Opening JDBC Connection
2020-05-06 10:33:55,693 341   [           main] DEBUG source.pooled.PooledDataSource  - Created connection 1048027629.
2020-05-06 10:33:55,693 341   [           main] DEBUG ansaction.jdbc.JdbcTransaction  - Setting autocommit to false on JDBC Connection [com.mysql.jdbc.JDBC4Connection@3e77a1ed]
2020-05-06 10:33:55,693 341   [           main] DEBUG .spl.user.dao.IUserDao.findAll  - ==>  Preparing: select * from user 
2020-05-06 10:33:55,693 341   [           main] DEBUG .spl.user.dao.IUserDao.findAll  - ==> Parameters: 
2020-05-06 10:33:55,695 343   [           main] DEBUG .spl.user.dao.IUserDao.findAll  - <==      Total: 3
2020-05-06 10:33:55,695 343   [           main] DEBUG ansaction.jdbc.JdbcTransaction  - Resetting autocommit to true on JDBC Connection [com.mysql.jdbc.JDBC4Connection@3e77a1ed]
2020-05-06 10:33:55,695 343   [           main] DEBUG ansaction.jdbc.JdbcTransaction  - Closing JDBC Connection [com.mysql.jdbc.JDBC4Connection@3e77a1ed]
2020-05-06 10:33:55,695 343   [           main] DEBUG source.pooled.PooledDataSource  - Returned connection 1048027629 to pool.
2020-05-06 10:33:55,696 344   [           main] DEBUG ansaction.jdbc.JdbcTransaction  - Resetting autocommit to true on JDBC Connection [com.mysql.jdbc.JDBC4Connection@2473b9ce]
2020-05-06 10:33:55,696 344   [           main] DEBUG ansaction.jdbc.JdbcTransaction  - Closing JDBC Connection [com.mysql.jdbc.JDBC4Connection@2473b9ce]
2020-05-06 10:33:55,696 344   [           main] DEBUG source.pooled.PooledDataSource  - Returned connection 611563982 to pool.
2020-05-06 10:37:46,744 0     [           main] DEBUG ache.ibatis.logging.LogFactory  - Logging initialized using 'class org.apache.ibatis.logging.log4j.Log4jImpl' adapter.
2020-05-06 10:37:46,763 19    [           main] DEBUG source.pooled.PooledDataSource  - PooledDataSource forcefully closed/removed all connections.
2020-05-06 10:37:46,763 19    [           main] DEBUG source.pooled.PooledDataSource  - PooledDataSource forcefully closed/removed all connections.
2020-05-06 10:37:46,763 19    [           main] DEBUG source.pooled.PooledDataSource  - PooledDataSource forcefully closed/removed all connections.
2020-05-06 10:37:46,763 19    [           main] DEBUG source.pooled.PooledDataSource  - PooledDataSource forcefully closed/removed all connections.
2020-05-06 10:37:46,831 87    [           main] DEBUG ansaction.jdbc.JdbcTransaction  - Opening JDBC Connection
2020-05-06 10:37:47,009 265   [           main] DEBUG source.pooled.PooledDataSource  - Created connection 392781299.
2020-05-06 10:37:47,009 265   [           main] DEBUG ansaction.jdbc.JdbcTransaction  - Setting autocommit to false on JDBC Connection [com.mysql.jdbc.JDBC4Connection@17695df3]
2020-05-06 10:37:47,013 269   [           main] DEBUG spl.user.dao.IUserDao.saveUser  - ==>  Preparing: INSERT INTO USER (username, birthday, sex, address) VALUES (?,?,?,?) 
2020-05-06 10:37:47,046 302   [           main] DEBUG spl.user.dao.IUserDao.saveUser  - ==> Parameters: mybatis(String), 2020-05-06 10:37:46.821(Timestamp), 男(String), 浙江(String)
2020-05-06 10:37:47,047 303   [           main] DEBUG spl.user.dao.IUserDao.saveUser  - <==    Updates: 1
2020-05-06 10:37:47,048 304   [           main] DEBUG ansaction.jdbc.JdbcTransaction  - Committing JDBC Connection [com.mysql.jdbc.JDBC4Connection@17695df3]
2020-05-06 10:37:47,049 305   [           main] DEBUG ansaction.jdbc.JdbcTransaction  - Resetting autocommit to true on JDBC Connection [com.mysql.jdbc.JDBC4Connection@17695df3]
2020-05-06 10:37:47,049 305   [           main] DEBUG ansaction.jdbc.JdbcTransaction  - Closing JDBC Connection [com.mysql.jdbc.JDBC4Connection@17695df3]
2020-05-06 10:37:47,049 305   [           main] DEBUG source.pooled.PooledDataSource  - Returned connection 392781299 to pool.
2020-05-06 10:39:40,522 0     [           main] DEBUG ache.ibatis.logging.LogFactory  - Logging initialized using 'class org.apache.ibatis.logging.log4j.Log4jImpl' adapter.
2020-05-06 10:39:40,540 18    [           main] DEBUG source.pooled.PooledDataSource  - PooledDataSource forcefully closed/removed all connections.
2020-05-06 10:39:40,540 18    [           main] DEBUG source.pooled.PooledDataSource  - PooledDataSource forcefully closed/removed all connections.
2020-05-06 10:39:40,540 18    [           main] DEBUG source.pooled.PooledDataSource  - PooledDataSource forcefully closed/removed all connections.
2020-05-06 10:39:40,541 19    [           main] DEBUG source.pooled.PooledDataSource  - PooledDataSource forcefully closed/removed all connections.
2020-05-06 10:39:40,607 85    [           main] DEBUG ansaction.jdbc.JdbcTransaction  - Opening JDBC Connection
2020-05-06 10:39:40,766 244   [           main] DEBUG source.pooled.PooledDataSource  - Created connection 392781299.
2020-05-06 10:39:40,766 244   [           main] DEBUG ansaction.jdbc.JdbcTransaction  - Setting autocommit to false on JDBC Connection [com.mysql.jdbc.JDBC4Connection@17695df3]
2020-05-06 10:39:40,770 248   [           main] DEBUG spl.user.dao.IUserDao.saveUser  - ==>  Preparing: INSERT INTO USER (username, birthday, sex, address) VALUES (?,?,?,?) 
2020-05-06 10:39:40,802 280   [           main] DEBUG spl.user.dao.IUserDao.saveUser  - ==> Parameters: mybatis(String), 2020-05-06 10:39:40.598(Timestamp), 男(String), 浙江(String)
2020-05-06 10:39:40,803 281   [           main] DEBUG spl.user.dao.IUserDao.saveUser  - <==    Updates: 1
2020-05-06 10:39:40,803 281   [           main] DEBUG ansaction.jdbc.JdbcTransaction  - Committing JDBC Connection [com.mysql.jdbc.JDBC4Connection@17695df3]
2020-05-06 10:39:40,804 282   [           main] DEBUG ansaction.jdbc.JdbcTransaction  - Resetting autocommit to true on JDBC Connection [com.mysql.jdbc.JDBC4Connection@17695df3]
2020-05-06 10:39:40,804 282   [           main] DEBUG ansaction.jdbc.JdbcTransaction  - Closing JDBC Connection [com.mysql.jdbc.JDBC4Connection@17695df3]
2020-05-06 10:39:40,805 283   [           main] DEBUG source.pooled.PooledDataSource  - Returned connection 392781299 to pool.
2020-05-06 11:04:34,317 0     [           main] DEBUG ache.ibatis.logging.LogFactory  - Logging initialized using 'class org.apache.ibatis.logging.log4j.Log4jImpl' adapter.
2020-05-06 11:04:34,339 22    [           main] DEBUG source.pooled.PooledDataSource  - PooledDataSource forcefully closed/removed all connections.
2020-05-06 11:04:34,339 22    [           main] DEBUG source.pooled.PooledDataSource  - PooledDataSource forcefully closed/removed all connections.
2020-05-06 11:04:34,339 22    [           main] DEBUG source.pooled.PooledDataSource  - PooledDataSource forcefully closed/removed all connections.
2020-05-06 11:04:34,339 22    [           main] DEBUG source.pooled.PooledDataSource  - PooledDataSource forcefully closed/removed all connections.
2020-05-06 11:04:34,424 107   [           main] DEBUG ansaction.jdbc.JdbcTransaction  - Opening JDBC Connection
2020-05-06 11:04:34,609 292   [           main] DEBUG source.pooled.PooledDataSource  - Created connection 392781299.
2020-05-06 11:04:34,610 293   [           main] DEBUG ansaction.jdbc.JdbcTransaction  - Setting autocommit to false on JDBC Connection [com.mysql.jdbc.JDBC4Connection@17695df3]
2020-05-06 11:04:34,614 297   [           main] DEBUG l.user.dao.IUserDao.updateUser  - ==>  Preparing: Update user set username = ?, birthday = ?, sex = ?, address = ? where id = ? 
2020-05-06 11:04:34,653 336   [           main] DEBUG l.user.dao.IUserDao.updateUser  - ==> Parameters: mybatis(String), 2020-05-06 11:04:34.412(Timestamp), 男(String), 浙江(String), 5(Integer)
2020-05-06 11:04:34,654 337   [           main] DEBUG l.user.dao.IUserDao.updateUser  - <==    Updates: 1
2020-05-06 11:04:34,655 338   [           main] DEBUG ansaction.jdbc.JdbcTransaction  - Committing JDBC Connection [com.mysql.jdbc.JDBC4Connection@17695df3]
2020-05-06 11:04:34,656 339   [           main] DEBUG ansaction.jdbc.JdbcTransaction  - Resetting autocommit to true on JDBC Connection [com.mysql.jdbc.JDBC4Connection@17695df3]
2020-05-06 11:04:34,656 339   [           main] DEBUG ansaction.jdbc.JdbcTransaction  - Closing JDBC Connection [com.mysql.jdbc.JDBC4Connection@17695df3]
2020-05-06 11:04:34,656 339   [           main] DEBUG source.pooled.PooledDataSource  - Returned connection 392781299 to pool.
2020-05-06 11:04:51,663 0     [           main] DEBUG ache.ibatis.logging.LogFactory  - Logging initialized using 'class org.apache.ibatis.logging.log4j.Log4jImpl' adapter.
2020-05-06 11:04:51,683 20    [           main] DEBUG source.pooled.PooledDataSource  - PooledDataSource forcefully closed/removed all connections.
2020-05-06 11:04:51,683 20    [           main] DEBUG source.pooled.PooledDataSource  - PooledDataSource forcefully closed/removed all connections.
2020-05-06 11:04:51,683 20    [           main] DEBUG source.pooled.PooledDataSource  - PooledDataSource forcefully closed/removed all connections.
2020-05-06 11:04:51,683 20    [           main] DEBUG source.pooled.PooledDataSource  - PooledDataSource forcefully closed/removed all connections.
2020-05-06 11:04:51,750 87    [           main] DEBUG ansaction.jdbc.JdbcTransaction  - Opening JDBC Connection
2020-05-06 11:04:51,903 240   [           main] DEBUG source.pooled.PooledDataSource  - Created connection 392781299.
2020-05-06 11:04:51,903 240   [           main] DEBUG ansaction.jdbc.JdbcTransaction  - Setting autocommit to false on JDBC Connection [com.mysql.jdbc.JDBC4Connection@17695df3]
2020-05-06 11:04:51,907 244   [           main] DEBUG l.user.dao.IUserDao.deleteUser  - ==>  Preparing: delete from user where id = ? 
2020-05-06 11:04:51,930 267   [           main] DEBUG l.user.dao.IUserDao.deleteUser  - ==> Parameters: 5(Integer)
2020-05-06 11:04:51,931 268   [           main] DEBUG l.user.dao.IUserDao.deleteUser  - <==    Updates: 1
2020-05-06 11:04:51,931 268   [           main] DEBUG ansaction.jdbc.JdbcTransaction  - Committing JDBC Connection [com.mysql.jdbc.JDBC4Connection@17695df3]
2020-05-06 11:04:51,933 270   [           main] DEBUG ansaction.jdbc.JdbcTransaction  - Resetting autocommit to true on JDBC Connection [com.mysql.jdbc.JDBC4Connection@17695df3]
2020-05-06 11:04:51,934 271   [           main] DEBUG ansaction.jdbc.JdbcTransaction  - Closing JDBC Connection [com.mysql.jdbc.JDBC4Connection@17695df3]
2020-05-06 11:04:51,934 271   [           main] DEBUG source.pooled.PooledDataSource  - Returned connection 392781299 to pool.
2020-05-06 11:38:50,744 0     [           main] DEBUG ache.ibatis.logging.LogFactory  - Logging initialized using 'class org.apache.ibatis.logging.log4j.Log4jImpl' adapter.
2020-05-06 11:38:50,766 22    [           main] DEBUG source.pooled.PooledDataSource  - PooledDataSource forcefully closed/removed all connections.
2020-05-06 11:38:50,766 22    [           main] DEBUG source.pooled.PooledDataSource  - PooledDataSource forcefully closed/removed all connections.
2020-05-06 11:38:50,766 22    [           main] DEBUG source.pooled.PooledDataSource  - PooledDataSource forcefully closed/removed all connections.
2020-05-06 11:38:50,766 22    [           main] DEBUG source.pooled.PooledDataSource  - PooledDataSource forcefully closed/removed all connections.
2020-05-06 11:38:50,846 102   [           main] DEBUG ansaction.jdbc.JdbcTransaction  - Opening JDBC Connection
2020-05-06 11:38:51,048 304   [           main] DEBUG source.pooled.PooledDataSource  - Created connection 708890004.
2020-05-06 11:38:51,049 305   [           main] DEBUG ansaction.jdbc.JdbcTransaction  - Setting autocommit to false on JDBC Connection [com.mysql.jdbc.JDBC4Connection@2a40cd94]
2020-05-06 11:38:51,054 310   [           main] DEBUG spl.user.dao.IUserDao.findById  - ==>  Preparing: select * from user where id = ? 
2020-05-06 11:38:51,084 340   [           main] DEBUG spl.user.dao.IUserDao.findById  - ==> Parameters: 3(Integer)
2020-05-06 11:38:51,106 362   [           main] DEBUG spl.user.dao.IUserDao.findById  - <==      Total: 1
2020-05-06 11:38:51,109 365   [           main] DEBUG ansaction.jdbc.JdbcTransaction  - Resetting autocommit to true on JDBC Connection [com.mysql.jdbc.JDBC4Connection@2a40cd94]
2020-05-06 11:38:51,110 366   [           main] DEBUG ansaction.jdbc.JdbcTransaction  - Closing JDBC Connection [com.mysql.jdbc.JDBC4Connection@2a40cd94]
2020-05-06 11:38:51,110 366   [           main] DEBUG source.pooled.PooledDataSource  - Returned connection 708890004 to pool.
2020-05-06 11:38:59,696 0     [           main] DEBUG ache.ibatis.logging.LogFactory  - Logging initialized using 'class org.apache.ibatis.logging.log4j.Log4jImpl' adapter.
2020-05-06 11:38:59,715 19    [           main] DEBUG source.pooled.PooledDataSource  - PooledDataSource forcefully closed/removed all connections.
2020-05-06 11:38:59,715 19    [           main] DEBUG source.pooled.PooledDataSource  - PooledDataSource forcefully closed/removed all connections.
2020-05-06 11:38:59,715 19    [           main] DEBUG source.pooled.PooledDataSource  - PooledDataSource forcefully closed/removed all connections.
2020-05-06 11:38:59,715 19    [           main] DEBUG source.pooled.PooledDataSource  - PooledDataSource forcefully closed/removed all connections.
2020-05-06 11:38:59,786 90    [           main] DEBUG ansaction.jdbc.JdbcTransaction  - Opening JDBC Connection
2020-05-06 11:38:59,941 245   [           main] DEBUG source.pooled.PooledDataSource  - Created connection 708890004.
2020-05-06 11:38:59,941 245   [           main] DEBUG ansaction.jdbc.JdbcTransaction  - Setting autocommit to false on JDBC Connection [com.mysql.jdbc.JDBC4Connection@2a40cd94]
2020-05-06 11:38:59,946 250   [           main] DEBUG l.user.dao.IUserDao.findByName  - ==>  Preparing: select * from user where username like ? 
2020-05-06 11:38:59,967 271   [           main] DEBUG l.user.dao.IUserDao.findByName  - ==> Parameters: %张%(String)
2020-05-06 11:38:59,987 291   [           main] DEBUG l.user.dao.IUserDao.findByName  - <==      Total: 2
2020-05-06 11:38:59,990 294   [           main] DEBUG ansaction.jdbc.JdbcTransaction  - Resetting autocommit to true on JDBC Connection [com.mysql.jdbc.JDBC4Connection@2a40cd94]
2020-05-06 11:38:59,991 295   [           main] DEBUG ansaction.jdbc.JdbcTransaction  - Closing JDBC Connection [com.mysql.jdbc.JDBC4Connection@2a40cd94]
2020-05-06 11:38:59,991 295   [           main] DEBUG source.pooled.PooledDataSource  - Returned connection 708890004 to pool.
2020-05-08 15:11:41,926 0     [           main] DEBUG ache.ibatis.logging.LogFactory  - Logging initialized using 'class org.apache.ibatis.logging.log4j.Log4jImpl' adapter.
2020-05-08 15:11:41,948 22    [           main] DEBUG source.pooled.PooledDataSource  - PooledDataSource forcefully closed/removed all connections.
2020-05-08 15:11:41,948 22    [           main] DEBUG source.pooled.PooledDataSource  - PooledDataSource forcefully closed/removed all connections.
2020-05-08 15:11:41,948 22    [           main] DEBUG source.pooled.PooledDataSource  - PooledDataSource forcefully closed/removed all connections.
2020-05-08 15:11:41,948 22    [           main] DEBUG source.pooled.PooledDataSource  - PooledDataSource forcefully closed/removed all connections.
2020-05-08 15:11:42,027 101   [           main] DEBUG ansaction.jdbc.JdbcTransaction  - Opening JDBC Connection
2020-05-08 15:11:42,206 280   [           main] DEBUG source.pooled.PooledDataSource  - Created connection 611563982.
2020-05-08 15:11:42,206 280   [           main] DEBUG ansaction.jdbc.JdbcTransaction  - Setting autocommit to false on JDBC Connection [com.mysql.jdbc.JDBC4Connection@2473b9ce]
2020-05-08 15:11:42,214 288   [           main] DEBUG ser.dao.IUserDao.findUserTotal  - ==>  Preparing: select count(1) from user 
2020-05-08 15:11:42,237 311   [           main] DEBUG ser.dao.IUserDao.findUserTotal  - ==> Parameters: 
2020-05-08 15:11:42,258 332   [           main] DEBUG ser.dao.IUserDao.findUserTotal  - <==      Total: 1
2020-05-08 15:11:42,259 333   [           main] DEBUG ansaction.jdbc.JdbcTransaction  - Resetting autocommit to true on JDBC Connection [com.mysql.jdbc.JDBC4Connection@2473b9ce]
2020-05-08 15:11:42,260 334   [           main] DEBUG ansaction.jdbc.JdbcTransaction  - Closing JDBC Connection [com.mysql.jdbc.JDBC4Connection@2473b9ce]
2020-05-08 15:11:42,260 334   [           main] DEBUG source.pooled.PooledDataSource  - Returned connection 611563982 to pool.
2020-05-08 16:38:45,639 0     [           main] DEBUG ache.ibatis.logging.LogFactory  - Logging initialized using 'class org.apache.ibatis.logging.log4j.Log4jImpl' adapter.
2020-05-08 16:38:45,676 37    [           main] DEBUG source.pooled.PooledDataSource  - PooledDataSource forcefully closed/removed all connections.
2020-05-08 16:38:45,677 38    [           main] DEBUG source.pooled.PooledDataSource  - PooledDataSource forcefully closed/removed all connections.
2020-05-08 16:38:45,677 38    [           main] DEBUG source.pooled.PooledDataSource  - PooledDataSource forcefully closed/removed all connections.
2020-05-08 16:38:45,677 38    [           main] DEBUG source.pooled.PooledDataSource  - PooledDataSource forcefully closed/removed all connections.
2020-05-08 16:38:45,833 194   [           main] DEBUG ansaction.jdbc.JdbcTransaction  - Opening JDBC Connection
2020-05-08 16:38:46,158 519   [           main] DEBUG source.pooled.PooledDataSource  - Created connection 233021551.
2020-05-08 16:38:46,158 519   [           main] DEBUG ansaction.jdbc.JdbcTransaction  - Setting autocommit to false on JDBC Connection [com.mysql.jdbc.JDBC4Connection@de3a06f]
2020-05-08 16:38:46,166 527   [           main] DEBUG spl.user.dao.IUserDao.saveUser  - ==>  Preparing: INSERT INTO USER (username, birthday, sex, address) VALUES (?,?,?,?) 
2020-05-08 16:38:46,228 589   [           main] DEBUG spl.user.dao.IUserDao.saveUser  - ==> Parameters: mybatis(String), 2020-05-08 16:38:45.806(Timestamp), 男(String), 浙江(String)
2020-05-08 16:38:46,231 592   [           main] DEBUG spl.user.dao.IUserDao.saveUser  - <==    Updates: 1
2020-05-08 16:38:46,234 595   [           main] DEBUG ao.IUserDao.saveUser!selectKey  - ==>  Preparing: select last_insert_id() 
2020-05-08 16:38:46,235 596   [           main] DEBUG ao.IUserDao.saveUser!selectKey  - ==> Parameters: 
2020-05-08 16:38:46,261 622   [           main] DEBUG ao.IUserDao.saveUser!selectKey  - <==      Total: 1
2020-05-08 16:38:46,262 623   [           main] DEBUG ansaction.jdbc.JdbcTransaction  - Committing JDBC Connection [com.mysql.jdbc.JDBC4Connection@de3a06f]
2020-05-08 16:38:46,267 628   [           main] DEBUG ansaction.jdbc.JdbcTransaction  - Resetting autocommit to true on JDBC Connection [com.mysql.jdbc.JDBC4Connection@de3a06f]
2020-05-08 16:38:46,268 629   [           main] DEBUG ansaction.jdbc.JdbcTransaction  - Closing JDBC Connection [com.mysql.jdbc.JDBC4Connection@de3a06f]
2020-05-08 16:38:46,269 630   [           main] DEBUG source.pooled.PooledDataSource  - Returned connection 233021551 to pool.
2020-05-08 16:39:20,795 0     [           main] DEBUG ache.ibatis.logging.LogFactory  - Logging initialized using 'class org.apache.ibatis.logging.log4j.Log4jImpl' adapter.
2020-05-08 16:39:20,825 30    [           main] DEBUG source.pooled.PooledDataSource  - PooledDataSource forcefully closed/removed all connections.
2020-05-08 16:39:20,825 30    [           main] DEBUG source.pooled.PooledDataSource  - PooledDataSource forcefully closed/removed all connections.
2020-05-08 16:39:20,825 30    [           main] DEBUG source.pooled.PooledDataSource  - PooledDataSource forcefully closed/removed all connections.
2020-05-08 16:39:20,825 30    [           main] DEBUG source.pooled.PooledDataSource  - PooledDataSource forcefully closed/removed all connections.
2020-05-08 16:39:20,955 160   [           main] DEBUG ansaction.jdbc.JdbcTransaction  - Opening JDBC Connection
2020-05-08 16:39:21,192 397   [           main] DEBUG source.pooled.PooledDataSource  - Created connection 1991313236.
2020-05-08 16:39:21,193 398   [           main] DEBUG ansaction.jdbc.JdbcTransaction  - Setting autocommit to false on JDBC Connection [com.mysql.jdbc.JDBC4Connection@76b10754]
2020-05-08 16:39:21,199 404   [           main] DEBUG spl.user.dao.IUserDao.saveUser  - ==>  Preparing: INSERT INTO USER (username, birthday, sex, address) VALUES (?,?,?,?) 
2020-05-08 16:39:21,239 444   [           main] DEBUG spl.user.dao.IUserDao.saveUser  - ==> Parameters: mybatis(String), 2020-05-08 16:39:20.931(Timestamp), 男(String), 浙江(String)
2020-05-08 16:39:21,241 446   [           main] DEBUG spl.user.dao.IUserDao.saveUser  - <==    Updates: 1
2020-05-08 16:39:21,244 449   [           main] DEBUG ao.IUserDao.saveUser!selectKey  - ==>  Preparing: select last_insert_id() 
2020-05-08 16:39:21,244 449   [           main] DEBUG ao.IUserDao.saveUser!selectKey  - ==> Parameters: 
2020-05-08 16:39:21,263 468   [           main] DEBUG ao.IUserDao.saveUser!selectKey  - <==      Total: 1
2020-05-08 16:39:21,264 469   [           main] DEBUG ansaction.jdbc.JdbcTransaction  - Committing JDBC Connection [com.mysql.jdbc.JDBC4Connection@76b10754]
2020-05-08 16:39:21,265 470   [           main] DEBUG ansaction.jdbc.JdbcTransaction  - Resetting autocommit to true on JDBC Connection [com.mysql.jdbc.JDBC4Connection@76b10754]
2020-05-08 16:39:21,266 471   [           main] DEBUG ansaction.jdbc.JdbcTransaction  - Closing JDBC Connection [com.mysql.jdbc.JDBC4Connection@76b10754]
2020-05-08 16:39:21,266 471   [           main] DEBUG source.pooled.PooledDataSource  - Returned connection 1991313236 to pool.
2020-05-09 09:46:06,083 0     [           main] DEBUG ache.ibatis.logging.LogFactory  - Logging initialized using 'class org.apache.ibatis.logging.log4j.Log4jImpl' adapter.
2020-05-09 09:46:06,119 36    [           main] DEBUG source.pooled.PooledDataSource  - PooledDataSource forcefully closed/removed all connections.
2020-05-09 09:46:06,119 36    [           main] DEBUG source.pooled.PooledDataSource  - PooledDataSource forcefully closed/removed all connections.
2020-05-09 09:46:06,119 36    [           main] DEBUG source.pooled.PooledDataSource  - PooledDataSource forcefully closed/removed all connections.
2020-05-09 09:46:06,119 36    [           main] DEBUG source.pooled.PooledDataSource  - PooledDataSource forcefully closed/removed all connections.
2020-05-09 09:46:06,255 172   [           main] DEBUG ansaction.jdbc.JdbcTransaction  - Opening JDBC Connection
2020-05-09 09:46:06,546 463   [           main] DEBUG source.pooled.PooledDataSource  - Created connection 1487470647.
2020-05-09 09:46:06,546 463   [           main] DEBUG ansaction.jdbc.JdbcTransaction  - Setting autocommit to false on JDBC Connection [com.mysql.jdbc.JDBC4Connection@58a90037]
2020-05-09 09:46:06,553 470   [           main] DEBUG ser.dao.IUserDao.findByQueryVo  - ==>  Preparing: select * from user where username like ? 
2020-05-09 09:46:06,581 498   [           main] DEBUG ser.dao.IUserDao.findByQueryVo  - ==> Parameters: %张%(String)
2020-05-09 09:46:06,614 531   [           main] DEBUG ser.dao.IUserDao.findByQueryVo  - <==      Total: 2
2020-05-09 09:46:06,614 531   [           main] DEBUG ansaction.jdbc.JdbcTransaction  - Resetting autocommit to true on JDBC Connection [com.mysql.jdbc.JDBC4Connection@58a90037]
2020-05-09 09:46:06,615 532   [           main] DEBUG ansaction.jdbc.JdbcTransaction  - Closing JDBC Connection [com.mysql.jdbc.JDBC4Connection@58a90037]
2020-05-09 09:46:06,615 532   [           main] DEBUG source.pooled.PooledDataSource  - Returned connection 1487470647 to pool.
